execve("./server", ["./server"], 0x7ffeaa269bc0 /* 65 vars */) = 0
brk(NULL)                               = 0x55b681999000
arch_prctl(0x3001 /* ARCH_??? */, 0x7ffeb0cea8f0) = -1 EINVAL (Недопустимый аргумент)
access("/etc/ld.so.preload", R_OK)      = -1 ENOENT (Нет такого файла или каталога)
openat(AT_FDCWD, "/etc/ld.so.cache", O_RDONLY|O_CLOEXEC) = 3
fstat(3, {st_mode=S_IFREG|0644, st_size=89435, ...}) = 0
mmap(NULL, 89435, PROT_READ, MAP_PRIVATE, 3, 0) = 0x7f07195ba000
close(3)                                = 0
openat(AT_FDCWD, "/lib/x86_64-linux-gnu/libc.so.6", O_RDONLY|O_CLOEXEC) = 3
read(3, "\177ELF\2\1\1\3\0\0\0\0\0\0\0\0\3\0>\0\1\0\0\0\360q\2\0\0\0\0\0"..., 832) = 832
pread64(3, "\6\0\0\0\4\0\0\0@\0\0\0\0\0\0\0@\0\0\0\0\0\0\0@\0\0\0\0\0\0\0"..., 784, 64) = 784
pread64(3, "\4\0\0\0\20\0\0\0\5\0\0\0GNU\0\2\0\0\300\4\0\0\0\3\0\0\0\0\0\0\0", 32, 848) = 32
pread64(3, "\4\0\0\0\24\0\0\0\3\0\0\0GNU\0\t\233\222%\274\260\320\31\331\326\10\204\276X>\263"..., 68, 880) = 68
fstat(3, {st_mode=S_IFREG|0755, st_size=2029224, ...}) = 0
mmap(NULL, 8192, PROT_READ|PROT_WRITE, MAP_PRIVATE|MAP_ANONYMOUS, -1, 0) = 0x7f07195b8000
pread64(3, "\6\0\0\0\4\0\0\0@\0\0\0\0\0\0\0@\0\0\0\0\0\0\0@\0\0\0\0\0\0\0"..., 784, 64) = 784
pread64(3, "\4\0\0\0\20\0\0\0\5\0\0\0GNU\0\2\0\0\300\4\0\0\0\3\0\0\0\0\0\0\0", 32, 848) = 32
pread64(3, "\4\0\0\0\24\0\0\0\3\0\0\0GNU\0\t\233\222%\274\260\320\31\331\326\10\204\276X>\263"..., 68, 880) = 68
mmap(NULL, 2036952, PROT_READ, MAP_PRIVATE|MAP_DENYWRITE, 3, 0) = 0x7f07193c6000
mprotect(0x7f07193eb000, 1847296, PROT_NONE) = 0
mmap(0x7f07193eb000, 1540096, PROT_READ|PROT_EXEC, MAP_PRIVATE|MAP_FIXED|MAP_DENYWRITE, 3, 0x25000) = 0x7f07193eb000
mmap(0x7f0719563000, 303104, PROT_READ, MAP_PRIVATE|MAP_FIXED|MAP_DENYWRITE, 3, 0x19d000) = 0x7f0719563000
mmap(0x7f07195ae000, 24576, PROT_READ|PROT_WRITE, MAP_PRIVATE|MAP_FIXED|MAP_DENYWRITE, 3, 0x1e7000) = 0x7f07195ae000
mmap(0x7f07195b4000, 13528, PROT_READ|PROT_WRITE, MAP_PRIVATE|MAP_FIXED|MAP_ANONYMOUS, -1, 0) = 0x7f07195b4000
close(3)                                = 0
arch_prctl(ARCH_SET_FS, 0x7f07195b9540) = 0
mprotect(0x7f07195ae000, 12288, PROT_READ) = 0
mprotect(0x55b6803a5000, 4096, PROT_READ) = 0
mprotect(0x7f07195fd000, 4096, PROT_READ) = 0
munmap(0x7f07195ba000, 89435)           = 0
socket(AF_INET, SOCK_STREAM, IPPROTO_TCP) = 3 //descriptor
bind(3, {sa_family=AF_INET, sin_port=htons(12345), sin_addr=inet_addr("0.0.0.0")}, 16) = 0
listen(3, 4096)                         = 0
exit_group(0)                           = ?
+++ exited with 0 +++
